<?xml version="1.0" encoding="UTF-8"?>
<!-- Generated by org.testng.reporters.JUnitReportReporter -->
<testsuite skipped="0" hostname="LAPTOP-MBB7JRKJ" name="com.crm.qa.testcases.HomePageTest" tests="4" failures="0" timestamp="13 Apr 2020 16:25:35 GMT" time="68.278" errors="0">
  <testcase name="VerifyHomePageTitle" time="15.151" classname="com.crm.qa.testcases.HomePageTest"/>
  <testcase name="verifyUserNameTest" time="14.933" classname="com.crm.qa.testcases.HomePageTest"/>
  <testcase name="contactsPageTest" time="18.593" classname="com.crm.qa.testcases.HomePageTest"/>
  <testcase name="clickOnDealsLink" time="19.601" classname="com.crm.qa.testcases.HomePageTest"/>
</testsuite> <!-- com.crm.qa.testcases.HomePageTest -->
