<?xml version="1.0" encoding="UTF-8"?>
<!-- Generated by org.testng.reporters.JUnitReportReporter -->
<testsuite skipped="0" hostname="LAPTOP-MBB7JRKJ" name="com.crm.qa.testcases.loginPageTest" tests="3" failures="0" timestamp="26 Mar 2020 04:47:58 GMT" time="22.790" errors="0">
  <testcase name="loginPageTitleTest" time="10.073" classname="com.crm.qa.testcases.loginPageTest"/>
  <testcase name="crmlogoPageTest" time="5.032" classname="com.crm.qa.testcases.loginPageTest"/>
  <testcase name="loginTest" time="7.685" classname="com.crm.qa.testcases.loginPageTest"/>
</testsuite> <!-- com.crm.qa.testcases.loginPageTest -->
